[INFO] Scanning for projects...
[INFO] 
[INFO] ------------------< com.pappuraj:KubernatesPractice >-------------------
[INFO] Building KubernatesPractice 0.0.1-SNAPSHOT
[INFO]   from pom.xml
[INFO] --------------------------------[ jar ]---------------------------------
[INFO] 
[INFO] >>> spring-boot:3.5.0:run (default-cli) > test-compile @ KubernatesPractice >>>
[INFO] 
[INFO] --- resources:3.3.1:resources (default-resources) @ KubernatesPractice ---
[INFO] Copying 1 resource from src/main/resources to target/classes
[INFO] Copying 0 resource from src/main/resources to target/classes
[INFO] 
[INFO] --- compiler:3.14.0:compile (default-compile) @ KubernatesPractice ---
[INFO] Nothing to compile - all classes are up to date.
[INFO] 
[INFO] --- resources:3.3.1:testResources (default-testResources) @ KubernatesPractice ---
[INFO] skip non existing resourceDirectory /home/pappuraj/Java/KubernatesPractice/src/test/resources
[INFO] 
[INFO] --- compiler:3.14.0:testCompile (default-testCompile) @ KubernatesPractice ---
[INFO] Nothing to compile - all classes are up to date.
[INFO] 
[INFO] <<< spring-boot:3.5.0:run (default-cli) < test-compile @ KubernatesPractice <<<
[INFO] 
[INFO] 
[INFO] --- spring-boot:3.5.0:run (default-cli) @ KubernatesPractice ---
[INFO] Attaching agents: []

  .   ____          _            __ _ _
 /\\ / ___'_ __ _ _(_)_ __  __ _ \ \ \ \
( ( )\___ | '_ | '_| | '_ \/ _` | \ \ \ \
 \\/  ___)| |_)| | | | | || (_| |  ) ) ) )
  '  |____| .__|_| |_|_| |_\__, | / / / /
 =========|_|==============|___/=/_/_/_/

 :: Spring Boot ::                (v3.5.0)

2025-06-16T18:02:26.275+06:00  INFO 120155 --- [KubernatesPractice] [           main] c.p.k.KubernatesPracticeApplication      : Starting KubernatesPracticeApplication using Java 21.0.7 with PID 120155 (/home/pappuraj/Java/KubernatesPractice/target/classes started by pappuraj in /home/pappuraj/Java/KubernatesPractice)
2025-06-16T18:02:26.281+06:00  INFO 120155 --- [KubernatesPractice] [           main] c.p.k.KubernatesPracticeApplication      : No active profile set, falling back to 1 default profile: "default"
2025-06-16T18:02:27.675+06:00  INFO 120155 --- [KubernatesPractice] [           main] o.s.b.w.embedded.tomcat.TomcatWebServer  : Tomcat initialized with port 8083 (http)
2025-06-16T18:02:27.686+06:00  INFO 120155 --- [KubernatesPractice] [           main] o.apache.catalina.core.StandardService   : Starting service [Tomcat]
2025-06-16T18:02:27.687+06:00  INFO 120155 --- [KubernatesPractice] [           main] o.apache.catalina.core.StandardEngine    : Starting Servlet engine: [Apache Tomcat/10.1.41]
2025-06-16T18:02:27.724+06:00  INFO 120155 --- [KubernatesPractice] [           main] o.a.c.c.C.[Tomcat].[localhost].[/]       : Initializing Spring embedded WebApplicationContext
2025-06-16T18:02:27.725+06:00  INFO 120155 --- [KubernatesPractice] [           main] w.s.c.ServletWebServerApplicationContext : Root WebApplicationContext: initialization completed in 1374 ms
2025-06-16T18:02:28.273+06:00  INFO 120155 --- [KubernatesPractice] [           main] o.s.b.a.e.web.EndpointLinksResolver      : Exposing 14 endpoints beneath base path '/actuator'
2025-06-16T18:02:28.328+06:00  WARN 120155 --- [KubernatesPractice] [           main] ConfigServletWebServerApplicationContext : Exception encountered during context initialization - cancelling refresh attempt: org.springframework.context.ApplicationContextException: Failed to start bean 'webServerStartStop'
2025-06-16T18:02:28.351+06:00  INFO 120155 --- [KubernatesPractice] [           main] .s.b.a.l.ConditionEvaluationReportLogger : 

Error starting ApplicationContext. To display the condition evaluation report re-run your application with 'debug' enabled.
2025-06-16T18:02:28.363+06:00 ERROR 120155 --- [KubernatesPractice] [           main] o.s.b.d.LoggingFailureAnalysisReporter   : 

***************************
APPLICATION FAILED TO START
***************************

Description:

Web server failed to start. Port 8083 was already in use.

Action:

Identify and stop the process that's listening on port 8083 or configure this application to listen on another port.

[INFO] ------------------------------------------------------------------------
[INFO] BUILD FAILURE
[INFO] ------------------------------------------------------------------------
[INFO] Total time:  4.233 s
[INFO] Finished at: 2025-06-16T18:02:28+06:00
[INFO] ------------------------------------------------------------------------
[ERROR] Failed to execute goal org.springframework.boot:spring-boot-maven-plugin:3.5.0:run (default-cli) on project KubernatesPractice: Process terminated with exit code: 1 -> [Help 1]
[ERROR] 
[ERROR] To see the full stack trace of the errors, re-run Maven with the -e switch.
[ERROR] Re-run Maven using the -X switch to enable full debug logging.
[ERROR] 
[ERROR] For more information about the errors and possible solutions, please read the following articles:
[ERROR] [Help 1] http://cwiki.apache.org/confluence/display/MAVEN/MojoExecutionException
